<?xml version="1.0" encoding="UTF-8"?>
<!-- Generated by org.testng.reporters.JUnitXMLReporter -->
<testsuite ignored="1" hostname="DESKTOP-NFFORA6" failures="0" tests="1" name="Test" time="20.003" errors="0" timestamp="2024-05-31T12:37:45 IST">
  <testcase classname="testCases.tc_001_NoCommeceLoginTest" name="verify_login" time="4.171"/>
  <testcase classname="testCases.tc_001_AccountRegistrationTest" name="verify_account_registration" time="0.0">
    <ignored/>
  </testcase> <!-- verify_account_registration -->
</testsuite> <!-- Test -->
