<?xml version="1.0" encoding="UTF-8"?>
<testng-results ignored="0" total="1" passed="1" failed="0" skipped="0">
  <reporter-output>
  </reporter-output>
  <suite started-at="2024-05-31T12:37:22 IST" name="Suite" finished-at="2024-05-31T12:37:42 IST" duration-ms="20003">
    <groups>
      <group name="sanity">
        <method signature="tc_001_NoCommeceLoginTest.verify_login()[pri:0, instance:testCases.tc_001_NoCommeceLoginTest@4b29d1d2]" name="verify_login" class="testCases.tc_001_NoCommeceLoginTest"/>
      </group> <!-- sanity -->
      <group name="master">
        <method signature="tc_001_NoCommeceLoginTest.verify_login()[pri:0, instance:testCases.tc_001_NoCommeceLoginTest@4b29d1d2]" name="verify_login" class="testCases.tc_001_NoCommeceLoginTest"/>
      </group> <!-- master -->
    </groups>
    <test started-at="2024-05-31T12:37:22 IST" name="Test" finished-at="2024-05-31T12:37:42 IST" duration-ms="20003">
      <class name="testCases.tc_001_NoCommeceLoginTest">
        <test-method is-config="true" signature="setup(java.lang.String,java.lang.String)[pri:0, instance:testCases.tc_001_NoCommeceLoginTest@4b29d1d2]" started-at="2024-05-31T12:37:23 IST" name="setup" finished-at="2024-05-31T12:37:37 IST" duration-ms="14628" status="PASS">
          <params>
            <param index="0">
              <value>
                <![CDATA[Windows]]>
              </value>
            </param>
            <param index="1">
              <value>
                <![CDATA[chrome]]>
              </value>
            </param>
          </params>
          <reporter-output>
          </reporter-output>
        </test-method> <!-- setup -->
        <test-method signature="verify_login()[pri:0, instance:testCases.tc_001_NoCommeceLoginTest@4b29d1d2]" started-at="2024-05-31T12:37:37 IST" name="verify_login" finished-at="2024-05-31T12:37:42 IST" duration-ms="4171" status="PASS">
          <reporter-output>
          </reporter-output>
        </test-method> <!-- verify_login -->
        <test-method is-config="true" signature="tearDown()[pri:0, instance:testCases.tc_001_NoCommeceLoginTest@4b29d1d2]" started-at="2024-05-31T12:37:42 IST" name="tearDown" finished-at="2024-05-31T12:37:42 IST" duration-ms="599" status="PASS">
          <reporter-output>
          </reporter-output>
        </test-method> <!-- tearDown -->
      </class> <!-- testCases.tc_001_NoCommeceLoginTest -->
    </test> <!-- Test -->
  </suite> <!-- Suite -->
</testng-results>
